{"/Users/paullungu/git/test4/server/routes/cities.js": {"path":"/Users/paullungu/git/test4/server/routes/cities.js","statementMap":{"0":{"start":{"line":1,"column":16},"end":{"line":1,"column":34}},"1":{"start":{"line":2,"column":15},"end":{"line":2,"column":31}},"2":{"start":{"line":3,"column":11},"end":{"line":3,"column":30}},"3":{"start":{"line":4,"column":13},"end":{"line":4,"column":28}},"4":{"start":{"line":5,"column":13},"end":{"line":5,"column":28}},"5":{"start":{"line":6,"column":36},"end":{"line":6,"column":64}},"6":{"start":{"line":7,"column":41},"end":{"line":7,"column":64}},"7":{"start":{"line":8,"column":18},"end":{"line":8,"column":46}},"8":{"start":{"line":11,"column":18},"end":{"line":11,"column":20}},"9":{"start":{"line":14,"column":0},"end":{"line":27,"column":3}},"10":{"start":{"line":18,"column":19},"end":{"line":18,"column":40}},"11":{"start":{"line":19,"column":4},"end":{"line":21,"column":5}},"12":{"start":{"line":20,"column":8},"end":{"line":20,"column":64}},"13":{"start":{"line":22,"column":30},"end":{"line":22,"column":39}},"14":{"start":{"line":23,"column":27},"end":{"line":25,"column":5}},"15":{"start":{"line":24,"column":8},"end":{"line":24,"column":72}},"16":{"start":{"line":26,"column":4},"end":{"line":26,"column":41}},"17":{"start":{"line":29,"column":0},"end":{"line":49,"column":3}},"18":{"start":{"line":30,"column":4},"end":{"line":47,"column":5}},"19":{"start":{"line":31,"column":29},"end":{"line":31,"column":38}},"20":{"start":{"line":32,"column":25},"end":{"line":32,"column":67}},"21":{"start":{"line":32,"column":48},"end":{"line":32,"column":66}},"22":{"start":{"line":33,"column":23},"end":{"line":33,"column":63}},"23":{"start":{"line":33,"column":46},"end":{"line":33,"column":62}},"24":{"start":{"line":35,"column":8},"end":{"line":35,"column":61}},"25":{"start":{"line":35,"column":34},"end":{"line":35,"column":61}},"26":{"start":{"line":37,"column":25},"end":{"line":37,"column":116}},"27":{"start":{"line":38,"column":8},"end":{"line":43,"column":11}},"28":{"start":{"line":46,"column":8},"end":{"line":46,"column":36}},"29":{"start":{"line":52,"column":0},"end":{"line":69,"column":3}},"30":{"start":{"line":53,"column":31},"end":{"line":53,"column":40}},"31":{"start":{"line":54,"column":23},"end":{"line":54,"column":65}},"32":{"start":{"line":54,"column":46},"end":{"line":54,"column":64}},"33":{"start":{"line":56,"column":4},"end":{"line":56,"column":48}},"34":{"start":{"line":56,"column":21},"end":{"line":56,"column":48}},"35":{"start":{"line":57,"column":21},"end":{"line":57,"column":59}},"36":{"start":{"line":58,"column":4},"end":{"line":58,"column":60}},"37":{"start":{"line":59,"column":4},"end":{"line":66,"column":11}},"38":{"start":{"line":60,"column":8},"end":{"line":63,"column":11}},"39":{"start":{"line":61,"column":25},"end":{"line":61,"column":116}},"40":{"start":{"line":62,"column":12},"end":{"line":62,"column":55}},"41":{"start":{"line":65,"column":8},"end":{"line":65,"column":49}},"42":{"start":{"line":68,"column":4},"end":{"line":68,"column":90}},"43":{"start":{"line":72,"column":0},"end":{"line":83,"column":3}},"44":{"start":{"line":74,"column":21},"end":{"line":74,"column":45}},"45":{"start":{"line":75,"column":4},"end":{"line":75,"column":46}},"46":{"start":{"line":75,"column":19},"end":{"line":75,"column":46}},"47":{"start":{"line":78,"column":4},"end":{"line":82,"column":5}},"48":{"start":{"line":79,"column":8},"end":{"line":79,"column":28}},"49":{"start":{"line":81,"column":8},"end":{"line":81,"column":46}},"50":{"start":{"line":86,"column":0},"end":{"line":93,"column":3}},"51":{"start":{"line":88,"column":21},"end":{"line":88,"column":62}},"52":{"start":{"line":89,"column":4},"end":{"line":89,"column":46}},"53":{"start":{"line":90,"column":4},"end":{"line":90,"column":54}},"54":{"start":{"line":91,"column":23},"end":{"line":91,"column":76}},"55":{"start":{"line":92,"column":4},"end":{"line":92,"column":25}},"56":{"start":{"line":95,"column":0},"end":{"line":95,"column":24}}},"fnMap":{"0":{"name":"(anonymous_0)","decl":{"start":{"line":17,"column":3},"end":{"line":17,"column":4}},"loc":{"start":{"line":17,"column":17},"end":{"line":27,"column":1}},"line":17},"1":{"name":"(anonymous_1)","decl":{"start":{"line":23,"column":44},"end":{"line":23,"column":45}},"loc":{"start":{"line":24,"column":8},"end":{"line":24,"column":72}},"line":24},"2":{"name":"(anonymous_2)","decl":{"start":{"line":29,"column":35},"end":{"line":29,"column":36}},"loc":{"start":{"line":29,"column":49},"end":{"line":49,"column":1}},"line":29},"3":{"name":"(anonymous_3)","decl":{"start":{"line":32,"column":40},"end":{"line":32,"column":41}},"loc":{"start":{"line":32,"column":48},"end":{"line":32,"column":66}},"line":32},"4":{"name":"(anonymous_4)","decl":{"start":{"line":33,"column":38},"end":{"line":33,"column":39}},"loc":{"start":{"line":33,"column":46},"end":{"line":33,"column":62}},"line":33},"5":{"name":"(anonymous_5)","decl":{"start":{"line":52,"column":31},"end":{"line":52,"column":32}},"loc":{"start":{"line":52,"column":51},"end":{"line":69,"column":1}},"line":52},"6":{"name":"(anonymous_6)","decl":{"start":{"line":54,"column":38},"end":{"line":54,"column":39}},"loc":{"start":{"line":54,"column":46},"end":{"line":54,"column":64}},"line":54},"7":{"name":"(anonymous_7)","decl":{"start":{"line":59,"column":15},"end":{"line":59,"column":16}},"loc":{"start":{"line":59,"column":21},"end":{"line":66,"column":5}},"line":59},"8":{"name":"(anonymous_8)","decl":{"start":{"line":60,"column":54},"end":{"line":60,"column":55}},"loc":{"start":{"line":60,"column":62},"end":{"line":63,"column":9}},"line":60},"9":{"name":"(anonymous_9)","decl":{"start":{"line":72,"column":42},"end":{"line":72,"column":43}},"loc":{"start":{"line":72,"column":56},"end":{"line":83,"column":1}},"line":72},"10":{"name":"(anonymous_10)","decl":{"start":{"line":86,"column":37},"end":{"line":86,"column":38}},"loc":{"start":{"line":86,"column":51},"end":{"line":93,"column":1}},"line":86}},"branchMap":{"0":{"loc":{"start":{"line":19,"column":4},"end":{"line":21,"column":5}},"type":"if","locations":[{"start":{"line":19,"column":4},"end":{"line":21,"column":5}},{"start":{},"end":{}}],"line":19},"1":{"loc":{"start":{"line":24,"column":8},"end":{"line":24,"column":72}},"type":"binary-expr","locations":[{"start":{"line":24,"column":8},"end":{"line":24,"column":31}},{"start":{"line":24,"column":35},"end":{"line":24,"column":72}}],"line":24},"2":{"loc":{"start":{"line":35,"column":8},"end":{"line":35,"column":61}},"type":"if","locations":[{"start":{"line":35,"column":8},"end":{"line":35,"column":61}},{"start":{},"end":{}}],"line":35},"3":{"loc":{"start":{"line":35,"column":12},"end":{"line":35,"column":32}},"type":"binary-expr","locations":[{"start":{"line":35,"column":12},"end":{"line":35,"column":21}},{"start":{"line":35,"column":25},"end":{"line":35,"column":32}}],"line":35},"4":{"loc":{"start":{"line":56,"column":4},"end":{"line":56,"column":48}},"type":"if","locations":[{"start":{"line":56,"column":4},"end":{"line":56,"column":48}},{"start":{},"end":{}}],"line":56},"5":{"loc":{"start":{"line":62,"column":19},"end":{"line":62,"column":54}},"type":"binary-expr","locations":[{"start":{"line":62,"column":19},"end":{"line":62,"column":23}},{"start":{"line":62,"column":27},"end":{"line":62,"column":54}}],"line":62},"6":{"loc":{"start":{"line":75,"column":4},"end":{"line":75,"column":46}},"type":"if","locations":[{"start":{"line":75,"column":4},"end":{"line":75,"column":46}},{"start":{},"end":{}}],"line":75},"7":{"loc":{"start":{"line":78,"column":4},"end":{"line":82,"column":5}},"type":"if","locations":[{"start":{"line":78,"column":4},"end":{"line":82,"column":5}},{"start":{"line":80,"column":11},"end":{"line":82,"column":5}}],"line":78}},"s":{"0":1,"1":1,"2":1,"3":1,"4":1,"5":1,"6":1,"7":1,"8":1,"9":1,"10":2,"11":2,"12":1,"13":1,"14":1,"15":100000,"16":1,"17":1,"18":1,"19":1,"20":1,"21":91,"22":1,"23":99999,"24":1,"25":0,"26":1,"27":1,"28":0,"29":1,"30":0,"31":0,"32":0,"33":0,"34":0,"35":0,"36":0,"37":0,"38":0,"39":0,"40":0,"41":0,"42":0,"43":1,"44":0,"45":0,"46":0,"47":0,"48":0,"49":0,"50":1,"51":0,"52":0,"53":0,"54":0,"55":0,"56":1},"f":{"0":2,"1":100000,"2":1,"3":91,"4":99999,"5":0,"6":0,"7":0,"8":0,"9":0,"10":0},"b":{"0":[1,1],"1":[100000,2],"2":[0,1],"3":[1,1],"4":[0,0],"5":[0,0],"6":[0,0],"7":[0,0]},"_coverageSchema":"1a1c01bbd47fc00a2c39e90264f33305004495a9","hash":"0d205abd9e824f12ecd4283ea5687157f7be4ff5"}
}
