TN:
SF:server/routes/cities.js
FN:17,(anonymous_0)
FN:23,(anonymous_1)
FN:29,(anonymous_2)
FN:32,(anonymous_3)
FN:33,(anonymous_4)
FN:52,(anonymous_5)
FN:54,(anonymous_6)
FN:59,(anonymous_7)
FN:60,(anonymous_8)
FN:72,(anonymous_9)
FN:86,(anonymous_10)
FNF:11
FNH:5
FNDA:2,(anonymous_0)
FNDA:100000,(anonymous_1)
FNDA:1,(anonymous_2)
FNDA:91,(anonymous_3)
FNDA:99999,(anonymous_4)
FNDA:0,(anonymous_5)
FNDA:0,(anonymous_6)
FNDA:0,(anonymous_7)
FNDA:0,(anonymous_8)
FNDA:0,(anonymous_9)
FNDA:0,(anonymous_10)
DA:1,1
DA:2,1
DA:3,1
DA:4,1
DA:5,1
DA:6,1
DA:7,1
DA:8,1
DA:11,1
DA:14,1
DA:18,2
DA:19,2
DA:20,1
DA:22,1
DA:23,1
DA:24,100000
DA:26,1
DA:29,1
DA:30,1
DA:31,1
DA:32,91
DA:33,99999
DA:35,1
DA:37,1
DA:38,1
DA:46,0
DA:52,1
DA:53,0
DA:54,0
DA:56,0
DA:57,0
DA:58,0
DA:59,0
DA:60,0
DA:61,0
DA:62,0
DA:65,0
DA:68,0
DA:72,1
DA:74,0
DA:75,0
DA:78,0
DA:79,0
DA:81,0
DA:86,1
DA:88,0
DA:89,0
DA:90,0
DA:91,0
DA:92,0
DA:95,1
LF:51
LH:29
BRDA:19,0,0,1
BRDA:19,0,1,1
BRDA:24,1,0,100000
BRDA:24,1,1,2
BRDA:35,2,0,0
BRDA:35,2,1,1
BRDA:35,3,0,1
BRDA:35,3,1,1
BRDA:56,4,0,0
BRDA:56,4,1,0
BRDA:62,5,0,0
BRDA:62,5,1,0
BRDA:75,6,0,0
BRDA:75,6,1,0
BRDA:78,7,0,0
BRDA:78,7,1,0
BRF:16
BRH:7
end_of_record
